(node:96191) [MONGODB DRIVER] Warning: useNewUrlParser is a deprecated option: useNewUrlParser has no effect since Node.js Driver version 4.0.0 and will be removed in the next major version
(Use `node --trace-warnings ...` to show where the warning was created)
(node:96191) [MONGODB DRIVER] Warning: useUnifiedTopology is a deprecated option: useUnifiedTopology has no effect since Node.js Driver version 4.0.0 and will be removed in the next major version
⚠️  本地 MongoDB 连接失败，启动内存 MongoDB...
✅ Memory MongoDB Connected: 127.0.0.1
开始创建测试数据...
✅ 创建公司
✅ 创建部门: 管理部
✅ 创建部门: 销售部
✅ 创建部门: 市场部
✅ 创建部门: 客服部
✅ 创建部门: 财务部
✅ 创建角色: 超级管理员
✅ 创建角色: 销售经理
✅ 创建角色: 业务专员
✅ 创建用户: admin
✅ 创建用户: zhangsan
✅ 创建用户: lisi
✅ 创建用户: wangwu
✅ 创建用户: zhaoliu
✅ 创建用户: sunqi
✅ 创建用户: zhouba
✅ 创建用户: wujiu
✅ 创建用户: zhengshi
✅ 创建用户: fengyi
✅ 创建用户: chener
✅ 测试数据创建完成！
🚀 Server running on port 3000
📊 Environment: development
🌐 API: http://localhost:3000/api
[Auth] 收到token, 长度: 176
[Auth] JWT_SECRET: tap-system-secret-key-1126
[Auth] Token验证成功, userId: 69a50992d4e9a99a1bbed15c
::1 - - [02/Mar/2026:04:10:20 +0000] "GET /api/base-data?page=1&limit=10&type=country&search= HTTP/1.1" 401 45 "http://localhost:5173/" "Mozilla/5.0 (Macintosh; Intel Mac OS X 10_15_7) AppleWebKit/537.36 (KHTML, like Gecko) Chrome/145.0.0.0 Safari/537.36"
::1 - - [02/Mar/2026:04:10:30 +0000] "POST /api/auth/login HTTP/1.1" 200 542 "http://localhost:5173/" "Mozilla/5.0 (Macintosh; Intel Mac OS X 10_15_7) AppleWebKit/537.36 (KHTML, like Gecko) Chrome/145.0.0.0 Safari/537.36"
[Auth] 收到token, 长度: 176
[Auth] JWT_SECRET: tap-system-secret-key-1126
[Auth] Token验证成功, userId: 69a50d53879d863520c7ab86
::1 - - [02/Mar/2026:04:10:34 +0000] "GET /api/roles?limit=1000 HTTP/1.1" 200 949 "http://localhost:5173/" "Mozilla/5.0 (Macintosh; Intel Mac OS X 10_15_7) AppleWebKit/537.36 (KHTML, like Gecko) Chrome/145.0.0.0 Safari/537.36"
[Auth] 收到token, 长度: 176
[Auth] JWT_SECRET: tap-system-secret-key-1126
[Auth] Token验证成功, userId: 69a50d53879d863520c7ab86
::1 - - [02/Mar/2026:04:10:36 +0000] "GET /api/base-data?page=1&limit=10&type=country&search= HTTP/1.1" 304 - "http://localhost:5173/" "Mozilla/5.0 (Macintosh; Intel Mac OS X 10_15_7) AppleWebKit/537.36 (KHTML, like Gecko) Chrome/145.0.0.0 Safari/537.36"
[Auth] 收到token, 长度: 176
[Auth] JWT_SECRET: tap-system-secret-key-1126
[Auth] Token验证成功, userId: 69a50d53879d863520c7ab86
::1 - - [02/Mar/2026:04:10:38 +0000] "GET /api/base-data?page=1&limit=10&type=priceUnit&search= HTTP/1.1" 200 90 "http://localhost:5173/" "Mozilla/5.0 (Macintosh; Intel Mac OS X 10_15_7) AppleWebKit/537.36 (KHTML, like Gecko) Chrome/145.0.0.0 Safari/537.36"
[Auth] 收到token, 长度: 176
[Auth] JWT_SECRET: tap-system-secret-key-1126
[Auth] Token验证成功, userId: 69a50d53879d863520c7ab86
::1 - - [02/Mar/2026:04:10:39 +0000] "GET /api/base-data?page=1&limit=10&type=category&search= HTTP/1.1" 304 - "http://localhost:5173/" "Mozilla/5.0 (Macintosh; Intel Mac OS X 10_15_7) AppleWebKit/537.36 (KHTML, like Gecko) Chrome/145.0.0.0 Safari/537.36"
[Auth] 收到token, 长度: 176
[Auth] JWT_SECRET: tap-system-secret-key-1126
[Auth] Token验证成功, userId: 69a50d53879d863520c7ab86
::1 - - [02/Mar/2026:04:10:40 +0000] "GET /api/base-data?page=1&limit=10&type=grade&search= HTTP/1.1" 304 - "http://localhost:5173/" "Mozilla/5.0 (Macintosh; Intel Mac OS X 10_15_7) AppleWebKit/537.36 (KHTML, like Gecko) Chrome/145.0.0.0 Safari/537.36"
[Auth] 收到token, 长度: 176
[Auth] JWT_SECRET: tap-system-secret-key-1126
[Auth] Token验证成功, userId: 69a50d53879d863520c7ab86
::1 - - [02/Mar/2026:04:10:40 +0000] "GET /api/base-data?page=1&limit=10&type=priceUnit&search= HTTP/1.1" 304 - "http://localhost:5173/" "Mozilla/5.0 (Macintosh; Intel Mac OS X 10_15_7) AppleWebKit/537.36 (KHTML, like Gecko) Chrome/145.0.0.0 Safari/537.36"
[Auth] 收到token, 长度: 176
[Auth] JWT_SECRET: tap-system-secret-key-1126
[Auth] Token验证成功, userId: 69a50d53879d863520c7ab86
::1 - - [02/Mar/2026:04:10:41 +0000] "GET /api/base-data?page=1&limit=10&type=timeoutConfig&search= HTTP/1.1" 304 - "http://localhost:5173/" "Mozilla/5.0 (Macintosh; Intel Mac OS X 10_15_7) AppleWebKit/537.36 (KHTML, like Gecko) Chrome/145.0.0.0 Safari/537.36"
[Auth] 收到token, 长度: 176
[Auth] JWT_SECRET: tap-system-secret-key-1126
[Auth] Token验证成功, userId: 69a50d53879d863520c7ab86
::1 - - [02/Mar/2026:04:10:41 +0000] "GET /api/base-data?page=1&limit=10&type=category&search= HTTP/1.1" 304 - "http://localhost:5173/" "Mozilla/5.0 (Macintosh; Intel Mac OS X 10_15_7) AppleWebKit/537.36 (KHTML, like Gecko) Chrome/145.0.0.0 Safari/537.36"
[Auth] 收到token, 长度: 176
[Auth] JWT_SECRET: tap-system-secret-key-1126
[Auth] Token验证成功, userId: 69a50d53879d863520c7ab86
::1 - - [02/Mar/2026:04:10:42 +0000] "GET /api/base-data?page=1&limit=10&type=country&search= HTTP/1.1" 304 - "http://localhost:5173/" "Mozilla/5.0 (Macintosh; Intel Mac OS X 10_15_7) AppleWebKit/537.36 (KHTML, like Gecko) Chrome/145.0.0.0 Safari/537.36"
